<?xml version="1.0" encoding="UTF-8"?>
<!-- Generated by org.testng.reporters.JUnitReportReporter -->
<testsuite hostname="DESKTOP-NRK3HFJ" failures="0" tests="5" name="testNG.primerTestNG" time="2.259" errors="1" timestamp="2021-05-31T19:56:36 CEST" skipped="4">
  <testcase classname="testNG.primerTestNG" name="trazenjeYouTubeNaGooglu" time="0.000">
    <skipped/>
  </testcase> <!-- trazenjeYouTubeNaGooglu -->
  <system-out/>
  <testcase classname="testNG.primerTestNG" name="preSihTestova" time="2.259">
    <error message="class org.openqa.selenium.support.ui.WebDriverWait cannot be cast to class org.openqa.selenium.WebDriver (org.openqa.selenium.support.ui.WebDriverWait and org.openqa.selenium.WebDriver are in unnamed module of loader &#039;app&#039;)" type="java.lang.ClassCastException">
      <![CDATA[java.lang.ClassCastException: class org.openqa.selenium.support.ui.WebDriverWait cannot be cast to class org.openqa.selenium.WebDriver (org.openqa.selenium.support.ui.WebDriverWait and org.openqa.selenium.WebDriver are in unnamed module of loader 'app')
at testNG.primerTestNG.preSihTestova(primerTestNG.java:27)
at java.base/jdk.internal.reflect.NativeMethodAccessorImpl.invoke0(Native Method)
at java.base/jdk.internal.reflect.NativeMethodAccessorImpl.invoke(NativeMethodAccessorImpl.java:62)
at java.base/jdk.internal.reflect.DelegatingMethodAccessorImpl.invoke(DelegatingMethodAccessorImpl.java:43)
at java.base/java.lang.reflect.Method.invoke(Method.java:566)
at org.testng.internal.MethodInvocationHelper.invokeMethod(MethodInvocationHelper.java:133)
at org.testng.internal.MethodInvocationHelper.invokeMethodConsideringTimeout(MethodInvocationHelper.java:62)
at org.testng.internal.ConfigInvoker.invokeConfigurationMethod(ConfigInvoker.java:385)
at org.testng.internal.ConfigInvoker.invokeConfigurations(ConfigInvoker.java:321)
at org.testng.internal.TestMethodWorker.invokeBeforeClassMethods(TestMethodWorker.java:176)
at org.testng.internal.TestMethodWorker.run(TestMethodWorker.java:122)
at java.base/java.util.ArrayList.forEach(ArrayList.java:1541)
at org.testng.TestRunner.privateRun(TestRunner.java:794)
at org.testng.TestRunner.run(TestRunner.java:596)
at org.testng.SuiteRunner.runTest(SuiteRunner.java:377)
at org.testng.SuiteRunner.runSequentially(SuiteRunner.java:371)
at org.testng.SuiteRunner.privateRun(SuiteRunner.java:332)
at org.testng.SuiteRunner.run(SuiteRunner.java:276)
at org.testng.SuiteRunnerWorker.runSuite(SuiteRunnerWorker.java:53)
at org.testng.SuiteRunnerWorker.run(SuiteRunnerWorker.java:96)
at org.testng.TestNG.runSuitesSequentially(TestNG.java:1212)
at org.testng.TestNG.runSuitesLocally(TestNG.java:1134)
at org.testng.TestNG.runSuites(TestNG.java:1063)
at org.testng.TestNG.run(TestNG.java:1031)
at org.testng.remote.AbstractRemoteTestNG.run(AbstractRemoteTestNG.java:115)
at org.testng.remote.RemoteTestNG.initAndRun(RemoteTestNG.java:251)
at org.testng.remote.RemoteTestNG.main(RemoteTestNG.java:77)
]]>
    </error>
  </testcase> <!-- preSihTestova -->
  <system-out/>
  <testcase classname="testNG.primerTestNG" name="trazenjeW3SchoolNaGooglu" time="0.000">
    <skipped/>
  </testcase> <!-- trazenjeW3SchoolNaGooglu -->
  <system-out/>
  <testcase classname="testNG.primerTestNG" name="trazenjeKupujemProdajemNaGooglu" time="0.000">
    <skipped/>
  </testcase> <!-- trazenjeKupujemProdajemNaGooglu -->
  <system-out/>
  <testcase classname="testNG.primerTestNG" name="trazenjeITBootcampaNaGooglu" time="0.000">
    <skipped/>
  </testcase> <!-- trazenjeITBootcampaNaGooglu -->
  <system-out/>
</testsuite> <!-- testNG.primerTestNG -->
